<?xml version="1.0" encoding="UTF-8"?>
<!-- Generated by org.testng.reporters.JUnitXMLReporter -->
<testsuite ignored="0" hostname="BOSZEK-PC" failures="0" tests="11" name="Command line test" time="0.294" errors="0" timestamp="03 maj 2021 20:32:48 GMT">
  <testcase classname="pl.thatisit.plotter.DateUUIDTest" name="shouldDiscardNonDateUUID" time="0.055"/>
  <testcase classname="pl.thatisit.plotter.DateUUIDTest" name="shouldFormatDateUUID" time="0.029"/>
  <testcase classname="pl.thatisit.plotter.DateUUIDTest" name="shouldIdentifyDateUUID" time="0.0"/>
  <testcase classname="pl.thatisit.plotter.logprocessor.ProcessLogParserTest" name="shouldIdentifyFinished" time="0.032"/>
  <testcase classname="pl.thatisit.plotter.logprocessor.ProcessLogParserTest" name="shouldIdentifyStage1" time="0.003"/>
  <testcase classname="pl.thatisit.plotter.logprocessor.ProcessLogParserTest" name="shouldIdentifyStage2" time="0.009"/>
  <testcase classname="pl.thatisit.plotter.logprocessor.ProcessLogParserTest" name="shouldIdentifyStage3" time="0.009"/>
  <testcase classname="pl.thatisit.plotter.logprocessor.ProcessLogParserTest" name="shouldIdentifyStage4" time="0.009"/>
  <testcase classname="pl.thatisit.plotter.runner.PlotProcessRunnerTest" name="shouldRunProcess" time="0.0"/>
  <testcase classname="pl.thatisit.plotter.systemtask.ArgumentsTest" name="shouldParseArgument" time="0.001"/>
  <testcase classname="pl.thatisit.plotter.systemtask.WindowsSystemTaskProviderTest" name="shouldListProcesses" time="0.02"/>
</testsuite> <!-- Command line test -->
