<?xml version="1.0" encoding="UTF-8"?>
<!-- Generated by org.testng.reporters.JUnitXMLReporter -->
<testsuite ignored="0" hostname="BOSZEK-PC" failures="0" tests="14" name="Command line test" time="0.371" errors="0" timestamp="04 maj 2021 17:29:13 GMT">
  <testcase classname="pl.thatisit.plotter.DateUUIDTest" name="shouldDiscardNonDateUUID" time="0.061"/>
  <testcase classname="pl.thatisit.plotter.DateUUIDTest" name="shouldFormatDateUUID" time="0.032"/>
  <testcase classname="pl.thatisit.plotter.DateUUIDTest" name="shouldIdentifyDateUUID" time="0.0"/>
  <testcase classname="pl.thatisit.plotter.drivespace.DrivesTest" name="shouldParseMountsOutput" time="0.009"/>
  <testcase classname="pl.thatisit.plotter.logprocessor.ProcessLogParserTest" name="shouldIdentifyFinished" time="0.053"/>
  <testcase classname="pl.thatisit.plotter.logprocessor.ProcessLogParserTest" name="shouldIdentifyStage1" time="0.002"/>
  <testcase classname="pl.thatisit.plotter.logprocessor.ProcessLogParserTest" name="shouldIdentifyStage2" time="0.012"/>
  <testcase classname="pl.thatisit.plotter.logprocessor.ProcessLogParserTest" name="shouldIdentifyStage3" time="0.012"/>
  <testcase classname="pl.thatisit.plotter.logprocessor.ProcessLogParserTest" name="shouldIdentifyStage4" time="0.014"/>
  <testcase classname="pl.thatisit.plotter.runner.WindowsPlotProcessRunnerTest" name="shouldRunProcess" time="0.0"/>
  <testcase classname="pl.thatisit.plotter.systemtask.ArgumentsTest" name="shouldParseLinuxArgument" time="0.001"/>
  <testcase classname="pl.thatisit.plotter.systemtask.ArgumentsTest" name="shouldParseWindowsArgument" time="0.0"/>
  <testcase classname="pl.thatisit.plotter.systemtask.linux.LinuxSystemTaskProviderTest" name="shouldParseProcesses" time="0.01"/>
  <testcase classname="pl.thatisit.plotter.systemtask.windows.WindowsSystemTaskProviderTest" name="shouldListProcesses" time="0.01"/>
</testsuite> <!-- Command line test -->
