-------------------------------------------------------------------------------
Test set: TestSuite
-------------------------------------------------------------------------------
Tests run: 2, Failures: 1, Errors: 0, Skipped: 0, Time elapsed: 0.52 sec <<< FAILURE!
shouldListProcesses(pl.thatisit.plotter.logprocessor.systemtask.WindowsSystemTaskProviderTest)  Time elapsed: 0.025 sec  <<< FAILURE!
java.lang.NumberFormatException: For input string: "91 276"
	at java.base/java.lang.NumberFormatException.forInputString(NumberFormatException.java:65)
	at java.base/java.lang.Long.parseLong(Long.java:692)
	at java.base/java.lang.Long.parseLong(Long.java:817)
	at pl.thatisit.plotter.logprocessor.systemtask.WindowsSystemTaskProvider.parseMemory(WindowsSystemTaskProvider.java:57)
	at pl.thatisit.plotter.logprocessor.systemtask.WindowsSystemTaskProvider.toProcess(WindowsSystemTaskProvider.java:50)
	at pl.thatisit.plotter.logprocessor.systemtask.WindowsSystemTaskProvider.lambda$plotterProcesses$0(WindowsSystemTaskProvider.java:31)
	at java.base/java.util.stream.ReferencePipeline$3$1.accept(ReferencePipeline.java:195)
	at java.base/java.util.LinkedList$LLSpliterator.forEachRemaining(LinkedList.java:1239)
	at java.base/java.util.stream.AbstractPipeline.copyInto(AbstractPipeline.java:484)
	at java.base/java.util.stream.AbstractPipeline.wrapAndCopyInto(AbstractPipeline.java:474)
	at java.base/java.util.stream.ReduceOps$ReduceOp.evaluateSequential(ReduceOps.java:913)
	at java.base/java.util.stream.AbstractPipeline.evaluate(AbstractPipeline.java:234)
	at java.base/java.util.stream.ReferencePipeline.collect(ReferencePipeline.java:578)
	at pl.thatisit.plotter.logprocessor.systemtask.WindowsSystemTaskProvider.plotterProcesses(WindowsSystemTaskProvider.java:32)
	at pl.thatisit.plotter.logprocessor.systemtask.WindowsSystemTaskProviderTest.shouldListProcesses(WindowsSystemTaskProviderTest.java:47)

