<?xml version="1.0" encoding="UTF-8" ?>
<testsuite tests="11" failures="0" name="TestSuite" time="0.165" errors="0" skipped="0">
  <properties>
[...]
</properties>
  <testcase classname="pl.thatisit.plotter.DateUUIDTest" name="shouldDiscardNonDateUUID" time="0.055"/>
  <testcase classname="pl.thatisit.plotter.DateUUIDTest" name="shouldFormatDateUUID" time="0.028"/>
  <testcase classname="pl.thatisit.plotter.DateUUIDTest" name="shouldIdentifyDateUUID" time="0"/>
  <testcase classname="pl.thatisit.plotter.logprocessor.ProcessLogParserTest" name="shouldIdentifyFinished" time="0.032"/>
  <testcase classname="pl.thatisit.plotter.logprocessor.ProcessLogParserTest" name="shouldIdentifyStage1" time="0.003"/>
  <testcase classname="pl.thatisit.plotter.logprocessor.ProcessLogParserTest" name="shouldIdentifyStage2" time="0.008"/>
  <testcase classname="pl.thatisit.plotter.logprocessor.ProcessLogParserTest" name="shouldIdentifyStage3" time="0.009"/>
  <testcase classname="pl.thatisit.plotter.logprocessor.ProcessLogParserTest" name="shouldIdentifyStage4" time="0.009"/>
  <testcase classname="pl.thatisit.plotter.runner.PlotProcessRunnerTest" name="shouldRunProcess" time="0"/>
  <testcase classname="pl.thatisit.plotter.systemtask.ArgumentsTest" name="shouldParseArgument" time="0.001"/>
  <testcase classname="pl.thatisit.plotter.systemtask.WindowsSystemTaskProviderTest" name="shouldListProcesses" time="0.02"/>
</testsuite>