<?xml version="1.0" encoding="UTF-8"?>
<testng-results ignored="0" total="2" passed="1" failed="1" skipped="0">
  <reporter-output>
  </reporter-output>
  <suite started-at="2021-05-01T17:16:16Z" name="Command line suite" finished-at="2021-05-01T17:16:16Z" duration-ms="150">
    <groups>
    </groups>
    <test started-at="2021-05-01T17:16:16Z" name="Command line test" finished-at="2021-05-01T17:16:16Z" duration-ms="150">
      <class name="pl.thatisit.plotter.logprocessor.ProcessLogParserTest">
        <test-method signature="shouldOpenFile()[pri:0, instance:pl.thatisit.plotter.logprocessor.ProcessLogParserTest@20d28811]" started-at="2021-05-01T17:16:16Z" name="shouldOpenFile" finished-at="2021-05-01T17:16:16Z" duration-ms="4" status="PASS">
          <reporter-output>
          </reporter-output>
        </test-method> <!-- shouldOpenFile -->
      </class> <!-- pl.thatisit.plotter.logprocessor.ProcessLogParserTest -->
      <class name="pl.thatisit.plotter.logprocessor.systemtask.WindowsSystemTaskProviderTest">
        <test-method is-config="true" signature="init()[pri:0, instance:pl.thatisit.plotter.logprocessor.systemtask.WindowsSystemTaskProviderTest@3967e60c]" started-at="2021-05-01T17:16:16Z" name="init" finished-at="2021-05-01T17:16:16Z" duration-ms="107" status="PASS">
          <reporter-output>
          </reporter-output>
        </test-method> <!-- init -->
        <test-method signature="shouldListProcesses()[pri:0, instance:pl.thatisit.plotter.logprocessor.systemtask.WindowsSystemTaskProviderTest@3967e60c]" started-at="2021-05-01T17:16:16Z" name="shouldListProcesses" finished-at="2021-05-01T17:16:16Z" duration-ms="22" status="FAIL">
          <exception class="java.lang.NumberFormatException">
            <message>
              <![CDATA[For input string: "91Â 276"]]>
            </message>
            <full-stacktrace>
              <![CDATA[java.lang.NumberFormatException: For input string: "91Â 276"
at java.base/java.lang.NumberFormatException.forInputString(NumberFormatException.java:65)
at java.base/java.lang.Long.parseLong(Long.java:692)
at java.base/java.lang.Long.parseLong(Long.java:817)
at pl.thatisit.plotter.logprocessor.systemtask.WindowsSystemTaskProvider.parseMemory(WindowsSystemTaskProvider.java:57)
at pl.thatisit.plotter.logprocessor.systemtask.WindowsSystemTaskProvider.toProcess(WindowsSystemTaskProvider.java:50)
at pl.thatisit.plotter.logprocessor.systemtask.WindowsSystemTaskProvider.lambda$plotterProcesses$0(WindowsSystemTaskProvider.java:31)
at java.base/java.util.stream.ReferencePipeline$3$1.accept(ReferencePipeline.java:195)
at java.base/java.util.LinkedList$LLSpliterator.forEachRemaining(LinkedList.java:1239)
at java.base/java.util.stream.AbstractPipeline.copyInto(AbstractPipeline.java:484)
at java.base/java.util.stream.AbstractPipeline.wrapAndCopyInto(AbstractPipeline.java:474)
at java.base/java.util.stream.ReduceOps$ReduceOp.evaluateSequential(ReduceOps.java:913)
at java.base/java.util.stream.AbstractPipeline.evaluate(AbstractPipeline.java:234)
at java.base/java.util.stream.ReferencePipeline.collect(ReferencePipeline.java:578)
at pl.thatisit.plotter.logprocessor.systemtask.WindowsSystemTaskProvider.plotterProcesses(WindowsSystemTaskProvider.java:32)
at pl.thatisit.plotter.logprocessor.systemtask.WindowsSystemTaskProviderTest.shouldListProcesses(WindowsSystemTaskProviderTest.java:47)
at java.base/jdk.internal.reflect.NativeMethodAccessorImpl.invoke0(Native Method)
at java.base/jdk.internal.reflect.NativeMethodAccessorImpl.invoke(NativeMethodAccessorImpl.java:62)
at java.base/jdk.internal.reflect.DelegatingMethodAccessorImpl.invoke(DelegatingMethodAccessorImpl.java:43)
at java.base/java.lang.reflect.Method.invoke(Method.java:566)
at org.testng.internal.MethodInvocationHelper.invokeMethod(MethodInvocationHelper.java:124)
at org.testng.internal.Invoker.invokeMethod(Invoker.java:583)
at org.testng.internal.Invoker.invokeTestMethod(Invoker.java:719)
at org.testng.internal.Invoker.invokeTestMethods(Invoker.java:989)
at org.testng.internal.TestMethodWorker.invokeTestMethods(TestMethodWorker.java:125)
at org.testng.internal.TestMethodWorker.run(TestMethodWorker.java:109)
at org.testng.TestRunner.privateRun(TestRunner.java:648)
at org.testng.TestRunner.run(TestRunner.java:505)
at org.testng.SuiteRunner.runTest(SuiteRunner.java:455)
at org.testng.SuiteRunner.runSequentially(SuiteRunner.java:450)
at org.testng.SuiteRunner.privateRun(SuiteRunner.java:415)
at org.testng.SuiteRunner.run(SuiteRunner.java:364)
at org.testng.SuiteRunnerWorker.runSuite(SuiteRunnerWorker.java:52)
at org.testng.SuiteRunnerWorker.run(SuiteRunnerWorker.java:84)
at org.testng.TestNG.runSuitesSequentially(TestNG.java:1208)
at org.testng.TestNG.runSuitesLocally(TestNG.java:1137)
at org.testng.TestNG.runSuites(TestNG.java:1049)
at org.testng.TestNG.run(TestNG.java:1017)
at org.apache.maven.surefire.testng.TestNGExecutor.run(TestNGExecutor.java:77)
at org.apache.maven.surefire.testng.TestNGDirectoryTestSuite.executeMulti(TestNGDirectoryTestSuite.java:159)
at org.apache.maven.surefire.testng.TestNGDirectoryTestSuite.execute(TestNGDirectoryTestSuite.java:99)
at org.apache.maven.surefire.testng.TestNGProvider.invoke(TestNGProvider.java:106)
at java.base/jdk.internal.reflect.NativeMethodAccessorImpl.invoke0(Native Method)
at java.base/jdk.internal.reflect.NativeMethodAccessorImpl.invoke(NativeMethodAccessorImpl.java:62)
at java.base/jdk.internal.reflect.DelegatingMethodAccessorImpl.invoke(DelegatingMethodAccessorImpl.java:43)
at java.base/java.lang.reflect.Method.invoke(Method.java:566)
at org.apache.maven.surefire.util.ReflectionUtils.invokeMethodWithArray(ReflectionUtils.java:189)
at org.apache.maven.surefire.booter.ProviderFactory$ProviderProxy.invoke(ProviderFactory.java:165)
at org.apache.maven.surefire.booter.ProviderFactory.invokeProvider(ProviderFactory.java:85)
at org.apache.maven.surefire.booter.ForkedBooter.runSuitesInProcess(ForkedBooter.java:115)
at org.apache.maven.surefire.booter.ForkedBooter.main(ForkedBooter.java:75)
]]>
            </full-stacktrace>
          </exception> <!-- java.lang.NumberFormatException -->
          <reporter-output>
          </reporter-output>
        </test-method> <!-- shouldListProcesses -->
      </class> <!-- pl.thatisit.plotter.logprocessor.systemtask.WindowsSystemTaskProviderTest -->
    </test> <!-- Command line test -->
  </suite> <!-- Command line suite -->
</testng-results>
